<?xml version="1.0" encoding="UTF-8"?>
<!-- Generated by org.testng.reporters.JUnitReportReporter -->
<testsuite skipped="1" hostname="appdevw10-066" name="org.wsi.studyhall.ExcludeTc" tests="2" failures="0" timestamp="2023-08-07T06:30:09 IST" time="0.010" errors="0">
  <testcase name="test2" time="0.010" classname="org.wsi.studyhall.ExcludeTc"/>
  <system-out/>
  <testcase name="test1" classname="org.wsi.studyhall.ExcludeTc">
    <skipped/>
  </testcase> <!-- test1 -->
  <system-out/>
</testsuite> <!-- org.wsi.studyhall.ExcludeTc -->
