<?xml version="1.0" encoding="UTF-8"?>
<!-- Generated by org.testng.reporters.JUnitReportReporter -->
<testsuite skipped="0" hostname="appdevw10-096" name="org.wsi.studyhall.GroupTesting" tests="2" failures="0" timestamp="2023-08-06T08:54:44 IST" time="0.010" errors="0">
  <testcase name="testMethod1" time="0.006" classname="org.wsi.studyhall.GroupTesting"/>
  <system-out/>
  <testcase name="testMethod2" time="0.004" classname="org.wsi.studyhall.GroupTesting"/>
  <system-out/>
</testsuite> <!-- org.wsi.studyhall.GroupTesting -->
