<?xml version="1.0" encoding="UTF-8"?>
<!-- Generated by org.testng.reporters.JUnitReportReporter -->
<testsuite skipped="0" hostname="appdevw10-032" name="Prolifics.WSIStudyHall.AppTest" tests="2" failures="0" timestamp="2023-08-05T18:26:04 IST" time="7.866" errors="0">
  <testcase name="shouldAnswerWithTrue" time="7.863" classname="Prolifics.WSIStudyHall.AppTest"/>
  <system-out>
After driver launch After opening google website url After window Maximize finding search_box element Inserting text in the search engine Click on search engine after providing the search text Finding  AllFilter drop down Webelement After clicking AllFilterDropDown  </system-out>
  <testcase name="SecondTest" time="0.003" classname="Prolifics.WSIStudyHall.AppTest"/>
  <system-out>
Second Test  </system-out>
</testsuite> <!-- Prolifics.WSIStudyHall.AppTest -->
