<?xml version="1.0" encoding="UTF-8"?>
<!-- Generated by org.testng.reporters.JUnitReportReporter -->
<testsuite skipped="0" hostname="appdevw10-073" name="org.wsi.studyhall.AnnotationsExtendsClass2" tests="2" failures="0" timestamp="2023-08-09T07:46:28 IST" time="0.010" errors="0">
  <testcase name="test4" time="0.005" classname="org.wsi.studyhall.AnnotationsExtendsClass2"/>
  <system-out/>
  <testcase name="test5" time="0.005" classname="org.wsi.studyhall.AnnotationsExtendsClass2"/>
  <system-out/>
</testsuite> <!-- org.wsi.studyhall.AnnotationsExtendsClass2 -->
