<?xml version="1.0" encoding="UTF-8"?>
<!-- Generated by org.testng.reporters.JUnitReportReporter -->
<testsuite skipped="0" hostname="appdevw10-152" name="org.wsi.studyhall.AppTest" tests="2" failures="0" timestamp="2023-08-30T07:23:49 IST" time="10.744" errors="0">
  <testcase name="shouldAnswerWithTrue" time="10.741" classname="org.wsi.studyhall.AppTest"/>
  <system-out>
After driver launch After opening google website url After window Maximize finding search_box element Inserting text in the search engine Click on search engine after providing the search text Finding  AllFilter drop down Webelement After clicking AllFilterDropDown  </system-out>
  <testcase name="SecondTest" time="0.003" classname="org.wsi.studyhall.AppTest"/>
  <system-out>
Second Test  </system-out>
</testsuite> <!-- org.wsi.studyhall.AppTest -->
