<?xml version="1.0" encoding="UTF-8"?>
<!-- Generated by org.testng.reporters.JUnitReportReporter -->
<testsuite skipped="0" hostname="appdevw10-096" name="Prolifics.WSIStudyHall.AnnotationsExtendsClass" tests="2" failures="0" timestamp="2023-08-06T06:18:15 IST" time="0.010" errors="0">
  <testcase name="Test1" time="0.007" classname="Prolifics.WSIStudyHall.AnnotationsExtendsClass"/>
  <system-out/>
  <testcase name="Test3" time="0.003" classname="Prolifics.WSIStudyHall.AnnotationsExtendsClass"/>
  <system-out/>
</testsuite> <!-- Prolifics.WSIStudyHall.AnnotationsExtendsClass -->
