<?xml version="1.0" encoding="UTF-8"?>
<!-- Generated by org.testng.reporters.JUnitReportReporter -->
<testsuite skipped="0" hostname="appdevw10-073" name="org.wsi.studyhall.AnnotationsExtendsClass" tests="2" failures="0" timestamp="2023-08-09T07:46:28 IST" time="0.014" errors="0">
  <testcase name="test1" time="0.012" classname="org.wsi.studyhall.AnnotationsExtendsClass"/>
  <system-out/>
  <testcase name="test3" time="0.002" classname="org.wsi.studyhall.AnnotationsExtendsClass"/>
  <system-out/>
</testsuite> <!-- org.wsi.studyhall.AnnotationsExtendsClass -->
